Analysis & Synthesis report for cyberDonkius
Fri Mar 13 15:00:20 2020
Quartus II 64-Bit Version 13.0.1 Build 232 06/12/2013 Service Pack 1 SJ Web Edition


---------------------
; Table of Contents ;
---------------------
  1. Legal Notice
  2. Analysis & Synthesis Summary
  3. Analysis & Synthesis Settings
  4. Parallel Compilation
  5. Analysis & Synthesis Messages



----------------
; Legal Notice ;
----------------
Copyright (C) 1991-2013 Altera Corporation
Your use of Altera Corporation's design tools, logic functions 
and other software and tools, and its AMPP partner logic 
functions, and any output files from any of the foregoing 
(including device programming or simulation files), and any 
associated documentation or information are expressly subject 
to the terms and conditions of the Altera Program License 
Subscription Agreement, Altera MegaCore Function License 
Agreement, or other applicable license agreement, including, 
without limitation, that your use is for the sole purpose of 
programming logic devices manufactured by Altera and sold by 
Altera or its authorized distributors.  Please refer to the 
applicable agreement for further details.



+--------------------------------------------------------------------------------------+
; Analysis & Synthesis Summary                                                         ;
+------------------------------------+-------------------------------------------------+
; Analysis & Synthesis Status        ; Failed - Fri Mar 13 15:00:20 2020               ;
; Quartus II 64-Bit Version          ; 13.0.1 Build 232 06/12/2013 SP 1 SJ Web Edition ;
; Revision Name                      ; cyberDonkius                                    ;
; Top-level Entity Name              ; cyberDonkius                                    ;
; Family                             ; Cyclone II                                      ;
; Total logic elements               ; N/A until Partition Merge                       ;
;     Total combinational functions  ; N/A until Partition Merge                       ;
;     Dedicated logic registers      ; N/A until Partition Merge                       ;
; Total registers                    ; N/A until Partition Merge                       ;
; Total pins                         ; N/A until Partition Merge                       ;
; Total virtual pins                 ; N/A until Partition Merge                       ;
; Total memory bits                  ; N/A until Partition Merge                       ;
; Embedded Multiplier 9-bit elements ; N/A until Partition Merge                       ;
; Total PLLs                         ; N/A until Partition Merge                       ;
+------------------------------------+-------------------------------------------------+


+----------------------------------------------------------------------------------------------------------------------+
; Analysis & Synthesis Settings                                                                                        ;
+----------------------------------------------------------------------------+--------------------+--------------------+
; Option                                                                     ; Setting            ; Default Value      ;
+----------------------------------------------------------------------------+--------------------+--------------------+
; Device                                                                     ; EP2C35F672C6       ;                    ;
; Top-level entity name                                                      ; cyberDonkius       ; cyberDonkius       ;
; Family name                                                                ; Cyclone II         ; Cyclone IV GX      ;
; Type of Retiming Performed During Resynthesis                              ; Full               ;                    ;
; Resynthesis Optimization Effort                                            ; Normal             ;                    ;
; Physical Synthesis Level for Resynthesis                                   ; Normal             ;                    ;
; Use Generated Physical Constraints File                                    ; On                 ;                    ;
; Use smart compilation                                                      ; Off                ; Off                ;
; Enable parallel Assembler and TimeQuest Timing Analyzer during compilation ; On                 ; On                 ;
; Enable compact report table                                                ; Off                ; Off                ;
; Restructure Multiplexers                                                   ; Auto               ; Auto               ;
; Create Debugging Nodes for IP Cores                                        ; Off                ; Off                ;
; Preserve fewer node names                                                  ; On                 ; On                 ;
; Disable OpenCore Plus hardware evaluation                                  ; Off                ; Off                ;
; Verilog Version                                                            ; Verilog_2001       ; Verilog_2001       ;
; VHDL Version                                                               ; VHDL_1993          ; VHDL_1993          ;
; State Machine Processing                                                   ; Auto               ; Auto               ;
; Safe State Machine                                                         ; Off                ; Off                ;
; Extract Verilog State Machines                                             ; On                 ; On                 ;
; Extract VHDL State Machines                                                ; On                 ; On                 ;
; Ignore Verilog initial constructs                                          ; Off                ; Off                ;
; Iteration limit for constant Verilog loops                                 ; 5000               ; 5000               ;
; Iteration limit for non-constant Verilog loops                             ; 250                ; 250                ;
; Add Pass-Through Logic to Inferred RAMs                                    ; On                 ; On                 ;
; Infer RAMs from Raw Logic                                                  ; On                 ; On                 ;
; Parallel Synthesis                                                         ; On                 ; On                 ;
; DSP Block Balancing                                                        ; Auto               ; Auto               ;
; NOT Gate Push-Back                                                         ; On                 ; On                 ;
; Power-Up Don't Care                                                        ; On                 ; On                 ;
; Remove Redundant Logic Cells                                               ; Off                ; Off                ;
; Remove Duplicate Registers                                                 ; On                 ; On                 ;
; Ignore CARRY Buffers                                                       ; Off                ; Off                ;
; Ignore CASCADE Buffers                                                     ; Off                ; Off                ;
; Ignore GLOBAL Buffers                                                      ; Off                ; Off                ;
; Ignore ROW GLOBAL Buffers                                                  ; Off                ; Off                ;
; Ignore LCELL Buffers                                                       ; Off                ; Off                ;
; Ignore SOFT Buffers                                                        ; On                 ; On                 ;
; Limit AHDL Integers to 32 Bits                                             ; Off                ; Off                ;
; Optimization Technique                                                     ; Balanced           ; Balanced           ;
; Carry Chain Length                                                         ; 70                 ; 70                 ;
; Auto Carry Chains                                                          ; On                 ; On                 ;
; Auto Open-Drain Pins                                                       ; On                 ; On                 ;
; Perform WYSIWYG Primitive Resynthesis                                      ; Off                ; Off                ;
; Auto ROM Replacement                                                       ; On                 ; On                 ;
; Auto RAM Replacement                                                       ; On                 ; On                 ;
; Auto Shift Register Replacement                                            ; Auto               ; Auto               ;
; Allow Shift Register Merging across Hierarchies                            ; Auto               ; Auto               ;
; Auto Clock Enable Replacement                                              ; On                 ; On                 ;
; Strict RAM Replacement                                                     ; Off                ; Off                ;
; Allow Synchronous Control Signals                                          ; On                 ; On                 ;
; Force Use of Synchronous Clear Signals                                     ; Off                ; Off                ;
; Auto RAM to Logic Cell Conversion                                          ; Off                ; Off                ;
; Auto Resource Sharing                                                      ; Off                ; Off                ;
; Allow Any RAM Size For Recognition                                         ; Off                ; Off                ;
; Allow Any ROM Size For Recognition                                         ; Off                ; Off                ;
; Allow Any Shift Register Size For Recognition                              ; Off                ; Off                ;
; Use LogicLock Constraints during Resource Balancing                        ; On                 ; On                 ;
; Ignore translate_off and synthesis_off directives                          ; Off                ; Off                ;
; Timing-Driven Synthesis                                                    ; Off                ; Off                ;
; Report Parameter Settings                                                  ; On                 ; On                 ;
; Report Source Assignments                                                  ; On                 ; On                 ;
; Report Connectivity Checks                                                 ; On                 ; On                 ;
; Ignore Maximum Fan-Out Assignments                                         ; Off                ; Off                ;
; Synchronization Register Chain Length                                      ; 2                  ; 2                  ;
; PowerPlay Power Optimization                                               ; Normal compilation ; Normal compilation ;
; HDL message level                                                          ; Level2             ; Level2             ;
; Suppress Register Optimization Related Messages                            ; Off                ; Off                ;
; Number of Removed Registers Reported in Synthesis Report                   ; 5000               ; 5000               ;
; Number of Swept Nodes Reported in Synthesis Report                         ; 5000               ; 5000               ;
; Number of Inverted Registers Reported in Synthesis Report                  ; 100                ; 100                ;
; Clock MUX Protection                                                       ; On                 ; On                 ;
; Auto Gated Clock Conversion                                                ; Off                ; Off                ;
; Block Design Naming                                                        ; Auto               ; Auto               ;
; SDC constraint protection                                                  ; Off                ; Off                ;
; Synthesis Effort                                                           ; Auto               ; Auto               ;
; Shift Register Replacement - Allow Asynchronous Clear Signal               ; On                 ; On                 ;
; Pre-Mapping Resynthesis Optimization                                       ; Off                ; Off                ;
; Analysis & Synthesis Message Level                                         ; Medium             ; Medium             ;
; Disable Register Merging Across Hierarchies                                ; Auto               ; Auto               ;
; Resource Aware Inference For Block RAM                                     ; On                 ; On                 ;
; Synthesis Seed                                                             ; 1                  ; 1                  ;
+----------------------------------------------------------------------------+--------------------+--------------------+


Parallel compilation was disabled, but you have multiple processors available. Enable parallel compilation to reduce compilation time.
+-------------------------------------+
; Parallel Compilation                ;
+----------------------------+--------+
; Processors                 ; Number ;
+----------------------------+--------+
; Number detected on machine ; 8      ;
; Maximum allowed            ; 1      ;
+----------------------------+--------+


+-------------------------------+
; Analysis & Synthesis Messages ;
+-------------------------------+
Info: *******************************************************************
Info: Running Quartus II 64-Bit Analysis & Synthesis
    Info: Version 13.0.1 Build 232 06/12/2013 Service Pack 1 SJ Web Edition
    Info: Processing started: Fri Mar 13 15:00:19 2020
Info: Command: quartus_map --read_settings_files=on --write_settings_files=off cyberDonkius -c cyberDonkius
Warning (20028): Parallel compilation is not licensed and has been disabled
Info (12021): Found 1 design units, including 1 entities, in source file cyberdonkius.v
    Info (12023): Found entity 1: cyberDonkius
Warning (12019): Can't analyze file -- file maquinaDeEstados.v is missing
Info (12021): Found 1 design units, including 1 entities, in source file exibirled.v
    Info (12023): Found entity 1: exibirLed
Info (12021): Found 1 design units, including 1 entities, in source file verificarsequencia.v
    Info (12023): Found entity 1: verificarSequencia
Info (12021): Found 1 design units, including 1 entities, in source file lfsr.v
    Info (12023): Found entity 1: LFSR
Info (12127): Elaborating entity "cyberDonkius" for the top level hierarchy
Warning (10240): Verilog HDL Always Construct warning at cyberDonkius.v(55): inferring latch(es) for variable "enable", which holds its previous value in one or more paths through the always construct
Warning (10240): Verilog HDL Always Construct warning at cyberDonkius.v(55): inferring latch(es) for variable "perdeu", which holds its previous value in one or more paths through the always construct
Warning (10235): Verilog HDL Always Construct warning at cyberDonkius.v(66): variable "estado" is read inside the Always Construct but isn't in the Always Construct's Event Control
Warning (10235): Verilog HDL Always Construct warning at cyberDonkius.v(69): variable "liga" is read inside the Always Construct but isn't in the Always Construct's Event Control
Warning (10235): Verilog HDL Always Construct warning at cyberDonkius.v(69): variable "perdeu" is read inside the Always Construct but isn't in the Always Construct's Event Control
Warning (10235): Verilog HDL Always Construct warning at cyberDonkius.v(69): variable "venceu" is read inside the Always Construct but isn't in the Always Construct's Event Control
Warning (10235): Verilog HDL Always Construct warning at cyberDonkius.v(74): variable "exibiu" is read inside the Always Construct but isn't in the Always Construct's Event Control
Warning (10235): Verilog HDL Always Construct warning at cyberDonkius.v(82): variable "flag" is read inside the Always Construct but isn't in the Always Construct's Event Control
Warning (10762): Verilog HDL Case Statement warning at cyberDonkius.v(82): can't check case statement for completeness because the case expression has too many possible states
Warning (10270): Verilog HDL Case Statement warning at cyberDonkius.v(82): incomplete case statement has no default case item
Warning (10762): Verilog HDL Case Statement warning at cyberDonkius.v(66): can't check case statement for completeness because the case expression has too many possible states
Warning (10270): Verilog HDL Case Statement warning at cyberDonkius.v(66): incomplete case statement has no default case item
Warning (10240): Verilog HDL Always Construct warning at cyberDonkius.v(64): inferring latch(es) for variable "estado", which holds its previous value in one or more paths through the always construct
Warning (10240): Verilog HDL Always Construct warning at cyberDonkius.v(64): inferring latch(es) for variable "exibiu", which holds its previous value in one or more paths through the always construct
Warning (10235): Verilog HDL Always Construct warning at cyberDonkius.v(102): variable "estado" is read inside the Always Construct but isn't in the Always Construct's Event Control
Warning (10235): Verilog HDL Always Construct warning at cyberDonkius.v(105): variable "w1" is read inside the Always Construct but isn't in the Always Construct's Event Control
Warning (10235): Verilog HDL Always Construct warning at cyberDonkius.v(105): variable "turno" is read inside the Always Construct but isn't in the Always Construct's Event Control
Warning (10235): Verilog HDL Always Construct warning at cyberDonkius.v(108): variable "w0" is read inside the Always Construct but isn't in the Always Construct's Event Control
Warning (10235): Verilog HDL Always Construct warning at cyberDonkius.v(108): variable "turno" is read inside the Always Construct but isn't in the Always Construct's Event Control
Warning (10235): Verilog HDL Always Construct warning at cyberDonkius.v(121): variable "w0" is read inside the Always Construct but isn't in the Always Construct's Event Control
Warning (10235): Verilog HDL Always Construct warning at cyberDonkius.v(121): variable "turno" is read inside the Always Construct but isn't in the Always Construct's Event Control
Warning (10235): Verilog HDL Always Construct warning at cyberDonkius.v(133): variable "we0" is read inside the Always Construct but isn't in the Always Construct's Event Control
Warning (10235): Verilog HDL Always Construct warning at cyberDonkius.v(133): variable "we1" is read inside the Always Construct but isn't in the Always Construct's Event Control
Warning (10235): Verilog HDL Always Construct warning at cyberDonkius.v(133): variable "we2" is read inside the Always Construct but isn't in the Always Construct's Event Control
Warning (10235): Verilog HDL Always Construct warning at cyberDonkius.v(133): variable "we3" is read inside the Always Construct but isn't in the Always Construct's Event Control
Warning (10235): Verilog HDL Always Construct warning at cyberDonkius.v(140): variable "key_0" is read inside the Always Construct but isn't in the Always Construct's Event Control
Warning (10235): Verilog HDL Always Construct warning at cyberDonkius.v(140): variable "turno" is read inside the Always Construct but isn't in the Always Construct's Event Control
Warning (10235): Verilog HDL Always Construct warning at cyberDonkius.v(141): variable "saida" is read inside the Always Construct but isn't in the Always Construct's Event Control
Warning (10235): Verilog HDL Always Construct warning at cyberDonkius.v(141): variable "turno" is read inside the Always Construct but isn't in the Always Construct's Event Control
Warning (10235): Verilog HDL Always Construct warning at cyberDonkius.v(142): variable "saida" is read inside the Always Construct but isn't in the Always Construct's Event Control
Warning (10235): Verilog HDL Always Construct warning at cyberDonkius.v(142): variable "turno" is read inside the Always Construct but isn't in the Always Construct's Event Control
Warning (10235): Verilog HDL Always Construct warning at cyberDonkius.v(146): variable "key_0" is read inside the Always Construct but isn't in the Always Construct's Event Control
Warning (10235): Verilog HDL Always Construct warning at cyberDonkius.v(146): variable "turno" is read inside the Always Construct but isn't in the Always Construct's Event Control
Warning (10235): Verilog HDL Always Construct warning at cyberDonkius.v(147): variable "saida" is read inside the Always Construct but isn't in the Always Construct's Event Control
Warning (10235): Verilog HDL Always Construct warning at cyberDonkius.v(147): variable "turno" is read inside the Always Construct but isn't in the Always Construct's Event Control
Warning (10235): Verilog HDL Always Construct warning at cyberDonkius.v(148): variable "saida" is read inside the Always Construct but isn't in the Always Construct's Event Control
Warning (10235): Verilog HDL Always Construct warning at cyberDonkius.v(148): variable "turno" is read inside the Always Construct but isn't in the Always Construct's Event Control
Warning (10235): Verilog HDL Always Construct warning at cyberDonkius.v(152): variable "key_0" is read inside the Always Construct but isn't in the Always Construct's Event Control
Warning (10235): Verilog HDL Always Construct warning at cyberDonkius.v(152): variable "turno" is read inside the Always Construct but isn't in the Always Construct's Event Control
Warning (10235): Verilog HDL Always Construct warning at cyberDonkius.v(153): variable "saida" is read inside the Always Construct but isn't in the Always Construct's Event Control
Warning (10235): Verilog HDL Always Construct warning at cyberDonkius.v(153): variable "turno" is read inside the Always Construct but isn't in the Always Construct's Event Control
Warning (10235): Verilog HDL Always Construct warning at cyberDonkius.v(154): variable "saida" is read inside the Always Construct but isn't in the Always Construct's Event Control
Warning (10235): Verilog HDL Always Construct warning at cyberDonkius.v(154): variable "turno" is read inside the Always Construct but isn't in the Always Construct's Event Control
Warning (10235): Verilog HDL Always Construct warning at cyberDonkius.v(158): variable "key_0" is read inside the Always Construct but isn't in the Always Construct's Event Control
Warning (10235): Verilog HDL Always Construct warning at cyberDonkius.v(158): variable "turno" is read inside the Always Construct but isn't in the Always Construct's Event Control
Warning (10235): Verilog HDL Always Construct warning at cyberDonkius.v(159): variable "saida" is read inside the Always Construct but isn't in the Always Construct's Event Control
Warning (10235): Verilog HDL Always Construct warning at cyberDonkius.v(159): variable "turno" is read inside the Always Construct but isn't in the Always Construct's Event Control
Warning (10235): Verilog HDL Always Construct warning at cyberDonkius.v(160): variable "saida" is read inside the Always Construct but isn't in the Always Construct's Event Control
Warning (10235): Verilog HDL Always Construct warning at cyberDonkius.v(160): variable "turno" is read inside the Always Construct but isn't in the Always Construct's Event Control
Warning (10235): Verilog HDL Always Construct warning at cyberDonkius.v(163): variable "we0" is read inside the Always Construct but isn't in the Always Construct's Event Control
Warning (10235): Verilog HDL Always Construct warning at cyberDonkius.v(163): variable "we1" is read inside the Always Construct but isn't in the Always Construct's Event Control
Warning (10235): Verilog HDL Always Construct warning at cyberDonkius.v(163): variable "we2" is read inside the Always Construct but isn't in the Always Construct's Event Control
Warning (10235): Verilog HDL Always Construct warning at cyberDonkius.v(163): variable "we3" is read inside the Always Construct but isn't in the Always Construct's Event Control
Warning (10235): Verilog HDL Always Construct warning at cyberDonkius.v(165): variable "turno" is read inside the Always Construct but isn't in the Always Construct's Event Control
Warning (10235): Verilog HDL Always Construct warning at cyberDonkius.v(165): variable "perdeu" is read inside the Always Construct but isn't in the Always Construct's Event Control
Warning (10762): Verilog HDL Case Statement warning at cyberDonkius.v(102): can't check case statement for completeness because the case expression has too many possible states
Warning (10270): Verilog HDL Case Statement warning at cyberDonkius.v(102): incomplete case statement has no default case item
Warning (10240): Verilog HDL Always Construct warning at cyberDonkius.v(100): inferring latch(es) for variable "enable", which holds its previous value in one or more paths through the always construct
Warning (10240): Verilog HDL Always Construct warning at cyberDonkius.v(100): inferring latch(es) for variable "exibiu", which holds its previous value in one or more paths through the always construct
Warning (10240): Verilog HDL Always Construct warning at cyberDonkius.v(100): inferring latch(es) for variable "turno", which holds its previous value in one or more paths through the always construct
Warning (10240): Verilog HDL Always Construct warning at cyberDonkius.v(100): inferring latch(es) for variable "perdeu", which holds its previous value in one or more paths through the always construct
Warning (10240): Verilog HDL Always Construct warning at cyberDonkius.v(100): inferring latch(es) for variable "flag", which holds its previous value in one or more paths through the always construct
Warning (10240): Verilog HDL Always Construct warning at cyberDonkius.v(100): inferring latch(es) for variable "venceu", which holds its previous value in one or more paths through the always construct
Info (10041): Inferred latch for "venceu[0]" at cyberDonkius.v(100)
Info (10041): Inferred latch for "venceu[1]" at cyberDonkius.v(100)
Info (10041): Inferred latch for "venceu[2]" at cyberDonkius.v(100)
Info (10041): Inferred latch for "venceu[3]" at cyberDonkius.v(100)
Info (10041): Inferred latch for "venceu[4]" at cyberDonkius.v(100)
Info (10041): Inferred latch for "venceu[5]" at cyberDonkius.v(100)
Info (10041): Inferred latch for "venceu[6]" at cyberDonkius.v(100)
Info (10041): Inferred latch for "venceu[7]" at cyberDonkius.v(100)
Info (10041): Inferred latch for "venceu[8]" at cyberDonkius.v(100)
Info (10041): Inferred latch for "venceu[9]" at cyberDonkius.v(100)
Info (10041): Inferred latch for "venceu[10]" at cyberDonkius.v(100)
Info (10041): Inferred latch for "venceu[11]" at cyberDonkius.v(100)
Info (10041): Inferred latch for "venceu[12]" at cyberDonkius.v(100)
Info (10041): Inferred latch for "venceu[13]" at cyberDonkius.v(100)
Info (10041): Inferred latch for "venceu[14]" at cyberDonkius.v(100)
Info (10041): Inferred latch for "venceu[15]" at cyberDonkius.v(100)
Info (10041): Inferred latch for "venceu[16]" at cyberDonkius.v(100)
Info (10041): Inferred latch for "venceu[17]" at cyberDonkius.v(100)
Info (10041): Inferred latch for "venceu[18]" at cyberDonkius.v(100)
Info (10041): Inferred latch for "venceu[19]" at cyberDonkius.v(100)
Info (10041): Inferred latch for "venceu[20]" at cyberDonkius.v(100)
Info (10041): Inferred latch for "venceu[21]" at cyberDonkius.v(100)
Info (10041): Inferred latch for "venceu[22]" at cyberDonkius.v(100)
Info (10041): Inferred latch for "venceu[23]" at cyberDonkius.v(100)
Info (10041): Inferred latch for "venceu[24]" at cyberDonkius.v(100)
Info (10041): Inferred latch for "venceu[25]" at cyberDonkius.v(100)
Info (10041): Inferred latch for "venceu[26]" at cyberDonkius.v(100)
Info (10041): Inferred latch for "venceu[27]" at cyberDonkius.v(100)
Info (10041): Inferred latch for "venceu[28]" at cyberDonkius.v(100)
Info (10041): Inferred latch for "venceu[29]" at cyberDonkius.v(100)
Info (10041): Inferred latch for "venceu[30]" at cyberDonkius.v(100)
Info (10041): Inferred latch for "venceu[31]" at cyberDonkius.v(100)
Info (10041): Inferred latch for "flag[0]" at cyberDonkius.v(100)
Info (10041): Inferred latch for "flag[1]" at cyberDonkius.v(100)
Info (10041): Inferred latch for "flag[2]" at cyberDonkius.v(100)
Info (10041): Inferred latch for "flag[3]" at cyberDonkius.v(100)
Info (10041): Inferred latch for "flag[4]" at cyberDonkius.v(100)
Info (10041): Inferred latch for "flag[5]" at cyberDonkius.v(100)
Info (10041): Inferred latch for "flag[6]" at cyberDonkius.v(100)
Info (10041): Inferred latch for "flag[7]" at cyberDonkius.v(100)
Info (10041): Inferred latch for "flag[8]" at cyberDonkius.v(100)
Info (10041): Inferred latch for "flag[9]" at cyberDonkius.v(100)
Info (10041): Inferred latch for "flag[10]" at cyberDonkius.v(100)
Info (10041): Inferred latch for "flag[11]" at cyberDonkius.v(100)
Info (10041): Inferred latch for "flag[12]" at cyberDonkius.v(100)
Info (10041): Inferred latch for "flag[13]" at cyberDonkius.v(100)
Info (10041): Inferred latch for "flag[14]" at cyberDonkius.v(100)
Info (10041): Inferred latch for "flag[15]" at cyberDonkius.v(100)
Info (10041): Inferred latch for "flag[16]" at cyberDonkius.v(100)
Info (10041): Inferred latch for "flag[17]" at cyberDonkius.v(100)
Info (10041): Inferred latch for "flag[18]" at cyberDonkius.v(100)
Info (10041): Inferred latch for "flag[19]" at cyberDonkius.v(100)
Info (10041): Inferred latch for "flag[20]" at cyberDonkius.v(100)
Info (10041): Inferred latch for "flag[21]" at cyberDonkius.v(100)
Info (10041): Inferred latch for "flag[22]" at cyberDonkius.v(100)
Info (10041): Inferred latch for "flag[23]" at cyberDonkius.v(100)
Info (10041): Inferred latch for "flag[24]" at cyberDonkius.v(100)
Info (10041): Inferred latch for "flag[25]" at cyberDonkius.v(100)
Info (10041): Inferred latch for "flag[26]" at cyberDonkius.v(100)
Info (10041): Inferred latch for "flag[27]" at cyberDonkius.v(100)
Info (10041): Inferred latch for "flag[28]" at cyberDonkius.v(100)
Info (10041): Inferred latch for "flag[29]" at cyberDonkius.v(100)
Info (10041): Inferred latch for "flag[30]" at cyberDonkius.v(100)
Info (10041): Inferred latch for "flag[31]" at cyberDonkius.v(100)
Info (10041): Inferred latch for "perdeu[0]" at cyberDonkius.v(100)
Info (10041): Inferred latch for "perdeu[1]" at cyberDonkius.v(100)
Info (10041): Inferred latch for "perdeu[2]" at cyberDonkius.v(100)
Info (10041): Inferred latch for "perdeu[3]" at cyberDonkius.v(100)
Info (10041): Inferred latch for "perdeu[4]" at cyberDonkius.v(100)
Info (10041): Inferred latch for "perdeu[5]" at cyberDonkius.v(100)
Info (10041): Inferred latch for "perdeu[6]" at cyberDonkius.v(100)
Info (10041): Inferred latch for "perdeu[7]" at cyberDonkius.v(100)
Info (10041): Inferred latch for "perdeu[8]" at cyberDonkius.v(100)
Info (10041): Inferred latch for "perdeu[9]" at cyberDonkius.v(100)
Info (10041): Inferred latch for "perdeu[10]" at cyberDonkius.v(100)
Info (10041): Inferred latch for "perdeu[11]" at cyberDonkius.v(100)
Info (10041): Inferred latch for "perdeu[12]" at cyberDonkius.v(100)
Info (10041): Inferred latch for "perdeu[13]" at cyberDonkius.v(100)
Info (10041): Inferred latch for "perdeu[14]" at cyberDonkius.v(100)
Info (10041): Inferred latch for "perdeu[15]" at cyberDonkius.v(100)
Info (10041): Inferred latch for "perdeu[16]" at cyberDonkius.v(100)
Info (10041): Inferred latch for "perdeu[17]" at cyberDonkius.v(100)
Info (10041): Inferred latch for "perdeu[18]" at cyberDonkius.v(100)
Info (10041): Inferred latch for "perdeu[19]" at cyberDonkius.v(100)
Info (10041): Inferred latch for "perdeu[20]" at cyberDonkius.v(100)
Info (10041): Inferred latch for "perdeu[21]" at cyberDonkius.v(100)
Info (10041): Inferred latch for "perdeu[22]" at cyberDonkius.v(100)
Info (10041): Inferred latch for "perdeu[23]" at cyberDonkius.v(100)
Info (10041): Inferred latch for "perdeu[24]" at cyberDonkius.v(100)
Info (10041): Inferred latch for "perdeu[25]" at cyberDonkius.v(100)
Info (10041): Inferred latch for "perdeu[26]" at cyberDonkius.v(100)
Info (10041): Inferred latch for "perdeu[27]" at cyberDonkius.v(100)
Info (10041): Inferred latch for "perdeu[28]" at cyberDonkius.v(100)
Info (10041): Inferred latch for "perdeu[29]" at cyberDonkius.v(100)
Info (10041): Inferred latch for "perdeu[30]" at cyberDonkius.v(100)
Info (10041): Inferred latch for "perdeu[31]" at cyberDonkius.v(100)
Info (10041): Inferred latch for "turno[0]" at cyberDonkius.v(100)
Info (10041): Inferred latch for "turno[1]" at cyberDonkius.v(100)
Info (10041): Inferred latch for "turno[2]" at cyberDonkius.v(100)
Info (10041): Inferred latch for "turno[3]" at cyberDonkius.v(100)
Info (10041): Inferred latch for "turno[4]" at cyberDonkius.v(100)
Info (10041): Inferred latch for "turno[5]" at cyberDonkius.v(100)
Info (10041): Inferred latch for "turno[6]" at cyberDonkius.v(100)
Info (10041): Inferred latch for "turno[7]" at cyberDonkius.v(100)
Info (10041): Inferred latch for "turno[8]" at cyberDonkius.v(100)
Info (10041): Inferred latch for "turno[9]" at cyberDonkius.v(100)
Info (10041): Inferred latch for "turno[10]" at cyberDonkius.v(100)
Info (10041): Inferred latch for "turno[11]" at cyberDonkius.v(100)
Info (10041): Inferred latch for "turno[12]" at cyberDonkius.v(100)
Info (10041): Inferred latch for "turno[13]" at cyberDonkius.v(100)
Info (10041): Inferred latch for "turno[14]" at cyberDonkius.v(100)
Info (10041): Inferred latch for "turno[15]" at cyberDonkius.v(100)
Info (10041): Inferred latch for "turno[16]" at cyberDonkius.v(100)
Info (10041): Inferred latch for "turno[17]" at cyberDonkius.v(100)
Info (10041): Inferred latch for "turno[18]" at cyberDonkius.v(100)
Info (10041): Inferred latch for "turno[19]" at cyberDonkius.v(100)
Info (10041): Inferred latch for "turno[20]" at cyberDonkius.v(100)
Info (10041): Inferred latch for "turno[21]" at cyberDonkius.v(100)
Info (10041): Inferred latch for "turno[22]" at cyberDonkius.v(100)
Info (10041): Inferred latch for "turno[23]" at cyberDonkius.v(100)
Info (10041): Inferred latch for "turno[24]" at cyberDonkius.v(100)
Info (10041): Inferred latch for "turno[25]" at cyberDonkius.v(100)
Info (10041): Inferred latch for "turno[26]" at cyberDonkius.v(100)
Info (10041): Inferred latch for "turno[27]" at cyberDonkius.v(100)
Info (10041): Inferred latch for "turno[28]" at cyberDonkius.v(100)
Info (10041): Inferred latch for "turno[29]" at cyberDonkius.v(100)
Info (10041): Inferred latch for "turno[30]" at cyberDonkius.v(100)
Info (10041): Inferred latch for "turno[31]" at cyberDonkius.v(100)
Info (10041): Inferred latch for "exibiu[0]" at cyberDonkius.v(100)
Info (10041): Inferred latch for "exibiu[1]" at cyberDonkius.v(100)
Info (10041): Inferred latch for "exibiu[2]" at cyberDonkius.v(100)
Info (10041): Inferred latch for "exibiu[3]" at cyberDonkius.v(100)
Info (10041): Inferred latch for "exibiu[4]" at cyberDonkius.v(100)
Info (10041): Inferred latch for "exibiu[5]" at cyberDonkius.v(100)
Info (10041): Inferred latch for "exibiu[6]" at cyberDonkius.v(100)
Info (10041): Inferred latch for "exibiu[7]" at cyberDonkius.v(100)
Info (10041): Inferred latch for "exibiu[8]" at cyberDonkius.v(100)
Info (10041): Inferred latch for "exibiu[9]" at cyberDonkius.v(100)
Info (10041): Inferred latch for "exibiu[10]" at cyberDonkius.v(100)
Info (10041): Inferred latch for "exibiu[11]" at cyberDonkius.v(100)
Info (10041): Inferred latch for "exibiu[12]" at cyberDonkius.v(100)
Info (10041): Inferred latch for "exibiu[13]" at cyberDonkius.v(100)
Info (10041): Inferred latch for "exibiu[14]" at cyberDonkius.v(100)
Info (10041): Inferred latch for "exibiu[15]" at cyberDonkius.v(100)
Info (10041): Inferred latch for "exibiu[16]" at cyberDonkius.v(100)
Info (10041): Inferred latch for "exibiu[17]" at cyberDonkius.v(100)
Info (10041): Inferred latch for "exibiu[18]" at cyberDonkius.v(100)
Info (10041): Inferred latch for "exibiu[19]" at cyberDonkius.v(100)
Info (10041): Inferred latch for "exibiu[20]" at cyberDonkius.v(100)
Info (10041): Inferred latch for "exibiu[21]" at cyberDonkius.v(100)
Info (10041): Inferred latch for "exibiu[22]" at cyberDonkius.v(100)
Info (10041): Inferred latch for "exibiu[23]" at cyberDonkius.v(100)
Info (10041): Inferred latch for "exibiu[24]" at cyberDonkius.v(100)
Info (10041): Inferred latch for "exibiu[25]" at cyberDonkius.v(100)
Info (10041): Inferred latch for "exibiu[26]" at cyberDonkius.v(100)
Info (10041): Inferred latch for "exibiu[27]" at cyberDonkius.v(100)
Info (10041): Inferred latch for "exibiu[28]" at cyberDonkius.v(100)
Info (10041): Inferred latch for "exibiu[29]" at cyberDonkius.v(100)
Info (10041): Inferred latch for "exibiu[30]" at cyberDonkius.v(100)
Info (10041): Inferred latch for "exibiu[31]" at cyberDonkius.v(100)
Info (10041): Inferred latch for "enable[0]" at cyberDonkius.v(100)
Info (10041): Inferred latch for "enable[1]" at cyberDonkius.v(100)
Info (10041): Inferred latch for "enable[2]" at cyberDonkius.v(100)
Info (10041): Inferred latch for "enable[3]" at cyberDonkius.v(100)
Info (10041): Inferred latch for "exibiu[0]" at cyberDonkius.v(64)
Info (10041): Inferred latch for "exibiu[1]" at cyberDonkius.v(64)
Info (10041): Inferred latch for "exibiu[2]" at cyberDonkius.v(64)
Info (10041): Inferred latch for "exibiu[3]" at cyberDonkius.v(64)
Info (10041): Inferred latch for "exibiu[4]" at cyberDonkius.v(64)
Info (10041): Inferred latch for "exibiu[5]" at cyberDonkius.v(64)
Info (10041): Inferred latch for "exibiu[6]" at cyberDonkius.v(64)
Info (10041): Inferred latch for "exibiu[7]" at cyberDonkius.v(64)
Info (10041): Inferred latch for "exibiu[8]" at cyberDonkius.v(64)
Info (10041): Inferred latch for "exibiu[9]" at cyberDonkius.v(64)
Info (10041): Inferred latch for "exibiu[10]" at cyberDonkius.v(64)
Info (10041): Inferred latch for "exibiu[11]" at cyberDonkius.v(64)
Info (10041): Inferred latch for "exibiu[12]" at cyberDonkius.v(64)
Info (10041): Inferred latch for "exibiu[13]" at cyberDonkius.v(64)
Info (10041): Inferred latch for "exibiu[14]" at cyberDonkius.v(64)
Info (10041): Inferred latch for "exibiu[15]" at cyberDonkius.v(64)
Info (10041): Inferred latch for "exibiu[16]" at cyberDonkius.v(64)
Info (10041): Inferred latch for "exibiu[17]" at cyberDonkius.v(64)
Info (10041): Inferred latch for "exibiu[18]" at cyberDonkius.v(64)
Info (10041): Inferred latch for "exibiu[19]" at cyberDonkius.v(64)
Info (10041): Inferred latch for "exibiu[20]" at cyberDonkius.v(64)
Info (10041): Inferred latch for "exibiu[21]" at cyberDonkius.v(64)
Info (10041): Inferred latch for "exibiu[22]" at cyberDonkius.v(64)
Info (10041): Inferred latch for "exibiu[23]" at cyberDonkius.v(64)
Info (10041): Inferred latch for "exibiu[24]" at cyberDonkius.v(64)
Info (10041): Inferred latch for "exibiu[25]" at cyberDonkius.v(64)
Info (10041): Inferred latch for "exibiu[26]" at cyberDonkius.v(64)
Info (10041): Inferred latch for "exibiu[27]" at cyberDonkius.v(64)
Info (10041): Inferred latch for "exibiu[28]" at cyberDonkius.v(64)
Info (10041): Inferred latch for "exibiu[29]" at cyberDonkius.v(64)
Info (10041): Inferred latch for "exibiu[30]" at cyberDonkius.v(64)
Info (10041): Inferred latch for "exibiu[31]" at cyberDonkius.v(64)
Info (10041): Inferred latch for "estado[0]" at cyberDonkius.v(64)
Info (10041): Inferred latch for "estado[1]" at cyberDonkius.v(64)
Info (10041): Inferred latch for "estado[2]" at cyberDonkius.v(64)
Info (10041): Inferred latch for "estado[3]" at cyberDonkius.v(64)
Info (10041): Inferred latch for "estado[4]" at cyberDonkius.v(64)
Info (10041): Inferred latch for "estado[5]" at cyberDonkius.v(64)
Info (10041): Inferred latch for "estado[6]" at cyberDonkius.v(64)
Info (10041): Inferred latch for "estado[7]" at cyberDonkius.v(64)
Info (10041): Inferred latch for "estado[8]" at cyberDonkius.v(64)
Info (10041): Inferred latch for "estado[9]" at cyberDonkius.v(64)
Info (10041): Inferred latch for "estado[10]" at cyberDonkius.v(64)
Info (10041): Inferred latch for "estado[11]" at cyberDonkius.v(64)
Info (10041): Inferred latch for "estado[12]" at cyberDonkius.v(64)
Info (10041): Inferred latch for "estado[13]" at cyberDonkius.v(64)
Info (10041): Inferred latch for "estado[14]" at cyberDonkius.v(64)
Info (10041): Inferred latch for "estado[15]" at cyberDonkius.v(64)
Info (10041): Inferred latch for "estado[16]" at cyberDonkius.v(64)
Info (10041): Inferred latch for "estado[17]" at cyberDonkius.v(64)
Info (10041): Inferred latch for "estado[18]" at cyberDonkius.v(64)
Info (10041): Inferred latch for "estado[19]" at cyberDonkius.v(64)
Info (10041): Inferred latch for "estado[20]" at cyberDonkius.v(64)
Info (10041): Inferred latch for "estado[21]" at cyberDonkius.v(64)
Info (10041): Inferred latch for "estado[22]" at cyberDonkius.v(64)
Info (10041): Inferred latch for "estado[23]" at cyberDonkius.v(64)
Info (10041): Inferred latch for "estado[24]" at cyberDonkius.v(64)
Info (10041): Inferred latch for "estado[25]" at cyberDonkius.v(64)
Info (10041): Inferred latch for "estado[26]" at cyberDonkius.v(64)
Info (10041): Inferred latch for "estado[27]" at cyberDonkius.v(64)
Info (10041): Inferred latch for "estado[28]" at cyberDonkius.v(64)
Info (10041): Inferred latch for "estado[29]" at cyberDonkius.v(64)
Info (10041): Inferred latch for "estado[30]" at cyberDonkius.v(64)
Info (10041): Inferred latch for "estado[31]" at cyberDonkius.v(64)
Info (10041): Inferred latch for "perdeu[0]" at cyberDonkius.v(55)
Info (10041): Inferred latch for "perdeu[1]" at cyberDonkius.v(55)
Info (10041): Inferred latch for "perdeu[2]" at cyberDonkius.v(55)
Info (10041): Inferred latch for "perdeu[3]" at cyberDonkius.v(55)
Info (10041): Inferred latch for "perdeu[4]" at cyberDonkius.v(55)
Info (10041): Inferred latch for "perdeu[5]" at cyberDonkius.v(55)
Info (10041): Inferred latch for "perdeu[6]" at cyberDonkius.v(55)
Info (10041): Inferred latch for "perdeu[7]" at cyberDonkius.v(55)
Info (10041): Inferred latch for "perdeu[8]" at cyberDonkius.v(55)
Info (10041): Inferred latch for "perdeu[9]" at cyberDonkius.v(55)
Info (10041): Inferred latch for "perdeu[10]" at cyberDonkius.v(55)
Info (10041): Inferred latch for "perdeu[11]" at cyberDonkius.v(55)
Info (10041): Inferred latch for "perdeu[12]" at cyberDonkius.v(55)
Info (10041): Inferred latch for "perdeu[13]" at cyberDonkius.v(55)
Info (10041): Inferred latch for "perdeu[14]" at cyberDonkius.v(55)
Info (10041): Inferred latch for "perdeu[15]" at cyberDonkius.v(55)
Info (10041): Inferred latch for "perdeu[16]" at cyberDonkius.v(55)
Info (10041): Inferred latch for "perdeu[17]" at cyberDonkius.v(55)
Info (10041): Inferred latch for "perdeu[18]" at cyberDonkius.v(55)
Info (10041): Inferred latch for "perdeu[19]" at cyberDonkius.v(55)
Info (10041): Inferred latch for "perdeu[20]" at cyberDonkius.v(55)
Info (10041): Inferred latch for "perdeu[21]" at cyberDonkius.v(55)
Info (10041): Inferred latch for "perdeu[22]" at cyberDonkius.v(55)
Info (10041): Inferred latch for "perdeu[23]" at cyberDonkius.v(55)
Info (10041): Inferred latch for "perdeu[24]" at cyberDonkius.v(55)
Info (10041): Inferred latch for "perdeu[25]" at cyberDonkius.v(55)
Info (10041): Inferred latch for "perdeu[26]" at cyberDonkius.v(55)
Info (10041): Inferred latch for "perdeu[27]" at cyberDonkius.v(55)
Info (10041): Inferred latch for "perdeu[28]" at cyberDonkius.v(55)
Info (10041): Inferred latch for "perdeu[29]" at cyberDonkius.v(55)
Info (10041): Inferred latch for "perdeu[30]" at cyberDonkius.v(55)
Info (10041): Inferred latch for "perdeu[31]" at cyberDonkius.v(55)
Info (10041): Inferred latch for "enable[0]" at cyberDonkius.v(55)
Info (10041): Inferred latch for "enable[1]" at cyberDonkius.v(55)
Info (10041): Inferred latch for "enable[2]" at cyberDonkius.v(55)
Info (10041): Inferred latch for "enable[3]" at cyberDonkius.v(55)
Error (10028): Can't resolve multiple constant drivers for net "enable[3]" at cyberDonkius.v(100) File: C:/Users/yvson/Desktop/cyberDonkius/cyberDonkius.v Line: 100
Error (10029): Constant driver at cyberDonkius.v(55) File: C:/Users/yvson/Desktop/cyberDonkius/cyberDonkius.v Line: 55
Error (10028): Can't resolve multiple constant drivers for net "enable[2]" at cyberDonkius.v(100) File: C:/Users/yvson/Desktop/cyberDonkius/cyberDonkius.v Line: 100
Error (10028): Can't resolve multiple constant drivers for net "enable[1]" at cyberDonkius.v(100) File: C:/Users/yvson/Desktop/cyberDonkius/cyberDonkius.v Line: 100
Error (10028): Can't resolve multiple constant drivers for net "enable[0]" at cyberDonkius.v(100) File: C:/Users/yvson/Desktop/cyberDonkius/cyberDonkius.v Line: 100
Error (10028): Can't resolve multiple constant drivers for net "exibiu[31]" at cyberDonkius.v(100) File: C:/Users/yvson/Desktop/cyberDonkius/cyberDonkius.v Line: 100
Error (10029): Constant driver at cyberDonkius.v(64) File: C:/Users/yvson/Desktop/cyberDonkius/cyberDonkius.v Line: 64
Error (10028): Can't resolve multiple constant drivers for net "exibiu[30]" at cyberDonkius.v(100) File: C:/Users/yvson/Desktop/cyberDonkius/cyberDonkius.v Line: 100
Error (10028): Can't resolve multiple constant drivers for net "exibiu[29]" at cyberDonkius.v(100) File: C:/Users/yvson/Desktop/cyberDonkius/cyberDonkius.v Line: 100
Error (10028): Can't resolve multiple constant drivers for net "exibiu[28]" at cyberDonkius.v(100) File: C:/Users/yvson/Desktop/cyberDonkius/cyberDonkius.v Line: 100
Error (10028): Can't resolve multiple constant drivers for net "exibiu[27]" at cyberDonkius.v(100) File: C:/Users/yvson/Desktop/cyberDonkius/cyberDonkius.v Line: 100
Error (10028): Can't resolve multiple constant drivers for net "exibiu[26]" at cyberDonkius.v(100) File: C:/Users/yvson/Desktop/cyberDonkius/cyberDonkius.v Line: 100
Error (10028): Can't resolve multiple constant drivers for net "exibiu[25]" at cyberDonkius.v(100) File: C:/Users/yvson/Desktop/cyberDonkius/cyberDonkius.v Line: 100
Error (10028): Can't resolve multiple constant drivers for net "exibiu[24]" at cyberDonkius.v(100) File: C:/Users/yvson/Desktop/cyberDonkius/cyberDonkius.v Line: 100
Error (10028): Can't resolve multiple constant drivers for net "exibiu[23]" at cyberDonkius.v(100) File: C:/Users/yvson/Desktop/cyberDonkius/cyberDonkius.v Line: 100
Error (10028): Can't resolve multiple constant drivers for net "exibiu[22]" at cyberDonkius.v(100) File: C:/Users/yvson/Desktop/cyberDonkius/cyberDonkius.v Line: 100
Error (10028): Can't resolve multiple constant drivers for net "exibiu[21]" at cyberDonkius.v(100) File: C:/Users/yvson/Desktop/cyberDonkius/cyberDonkius.v Line: 100
Error (10028): Can't resolve multiple constant drivers for net "exibiu[20]" at cyberDonkius.v(100) File: C:/Users/yvson/Desktop/cyberDonkius/cyberDonkius.v Line: 100
Error (10028): Can't resolve multiple constant drivers for net "exibiu[19]" at cyberDonkius.v(100) File: C:/Users/yvson/Desktop/cyberDonkius/cyberDonkius.v Line: 100
Error (12153): Can't elaborate top-level user hierarchy
Error: Quartus II 64-Bit Analysis & Synthesis was unsuccessful. 20 errors, 65 warnings
    Error: Peak virtual memory: 4585 megabytes
    Error: Processing ended: Fri Mar 13 15:00:20 2020
    Error: Elapsed time: 00:00:01
    Error: Total CPU time (on all processors): 00:00:01


